<?xml version="1.0" encoding="UTF-8"?>
<!-- Generated by org.testng.reporters.JUnitReportReporter -->
<testsuite hostname="sony-PC" failures="0" tests="2" name="pages.HomePageTest" time="0.615" errors="0" timestamp="06 Jun 2021 18:39:40 GMT" skipped="0">
  <testcase classname="pages.HomePageTest" name="signUp" time="0.605"/>
  <testcase classname="pages.HomePageTest" name="testH1Existing" time="0.010"/>
</testsuite> <!-- pages.HomePageTest -->
