<?xml version="1.0" encoding="UTF-8"?>
<!-- Generated by org.testng.reporters.JUnitReportReporter -->
<testsuite hostname="sony-PC" failures="0" tests="4" name="pages.HomePageTest" time="15.947" errors="0" timestamp="08 Jun 2021 11:40:22 GMT" skipped="0">
  <testcase classname="pages.HomePageTest" name="deleteArticle" time="6.223"/>
  <testcase classname="pages.HomePageTest" name="signUp" time="2.739"/>
  <testcase classname="pages.HomePageTest" name="createNewPost" time="6.966"/>
  <testcase classname="pages.HomePageTest" name="testH1Existing" time="0.019"/>
</testsuite> <!-- pages.HomePageTest -->
